INFO    2022-04-16 21:55:33,814 [main] UserLoginTest.TestRunner  - Navigating to the required url!!
INFO    2022-04-16 21:55:34,281 [main] UserLoginTest.TestRunner  - Checking the required URL
INFO    2022-04-16 21:55:34,289 [main] UserLoginTest.TestRunner  - Asserting the url
INFO    2022-04-16 22:05:08,804 [main] UserLoginTest.TestRunner  - Driver is initialized!!
INFO    2022-04-16 22:05:10,948 [main] UserLoginTest.TestRunner  - Navigating to the required url!!
INFO    2022-04-16 22:05:12,169 [main] UserLoginTest.TestRunner  - Checking the required URL
INFO    2022-04-16 22:05:12,188 [main] UserLoginTest.TestRunner  - Asserting the url
INFO    2022-04-16 22:09:27,647 [TestNG-test=C:/Users/asharjil/IdeaProjects/Selenium_Assignment-1] UserLoginTest.TestRunner  - Driver is initialized!!
INFO    2022-04-16 22:09:29,608 [TestNG-test=C:/Users/asharjil/IdeaProjects/Selenium_Assignment-1] UserLoginTest.TestRunner  - Navigating to the required url!!
INFO    2022-04-16 22:09:30,364 [TestNG-test=C:/Users/asharjil/IdeaProjects/Selenium_Assignment-1] UserLoginTest.TestRunner  - Checking the required URL
INFO    2022-04-16 22:09:30,375 [TestNG-test=C:/Users/asharjil/IdeaProjects/Selenium_Assignment-1] UserLoginTest.TestRunner  - Asserting the url
INFO    2022-04-16 22:24:30,371 [TestNG-tests-1] UserLoginTest.TestRunner  - Driver is initialized!!
INFO    2022-04-16 22:24:31,368 [TestNG-tests-2] UserLoginTest.TestRunner  - Driver is initialized!!
INFO    2022-04-16 22:24:32,432 [TestNG-tests-1] UserLoginTest.TestRunner  - Navigating to the required url!!
INFO    2022-04-16 22:24:32,969 [TestNG-tests-2] UserLoginTest.TestRunner  - Navigating to the required url!!
INFO    2022-04-16 22:24:34,771 [TestNG-tests-2] UserLoginTest.TestRunner  - Checking the required URL
INFO    2022-04-16 22:24:34,771 [TestNG-tests-1] UserLoginTest.TestRunner  - Checking the required URL
INFO    2022-04-16 22:24:34,790 [TestNG-tests-1] UserLoginTest.TestRunner  - Asserting the url
INFO    2022-04-16 22:24:34,795 [TestNG-tests-2] UserLoginTest.TestRunner  - Asserting the url
INFO    2022-04-16 22:26:19,985 [TestNG-tests-1] UserLoginTest.TestRunner  - Driver is initialized!!
INFO    2022-04-16 22:26:21,065 [TestNG-tests-2] UserLoginTest.TestRunner  - Driver is initialized!!
INFO    2022-04-16 22:26:21,613 [TestNG-tests-1] UserLoginTest.TestRunner  - Navigating to the required url!!
INFO    2022-04-16 22:26:22,542 [TestNG-tests-2] UserLoginTest.TestRunner  - Navigating to the required url!!
INFO    2022-04-16 22:26:23,046 [TestNG-tests-2] UserLoginTest.TestRunner  - Checking the required URL
INFO    2022-04-16 22:26:23,046 [TestNG-tests-1] UserLoginTest.TestRunner  - Checking the required URL
INFO    2022-04-16 22:26:23,054 [TestNG-tests-1] UserLoginTest.TestRunner  - Asserting the url
INFO    2022-04-16 22:26:23,055 [TestNG-tests-2] UserLoginTest.TestRunner  - Asserting the url
INFO    2022-04-16 22:28:45,933 [TestNG-tests-2] UserLoginTest.TestRunner  - Driver is initialized!!
INFO    2022-04-16 22:28:46,942 [TestNG-tests-1] UserLoginTest.TestRunner  - Driver is initialized!!
INFO    2022-04-16 22:28:47,915 [TestNG-tests-2] UserLoginTest.TestRunner  - Navigating to the required url!!
INFO    2022-04-16 22:28:48,591 [TestNG-tests-1] UserLoginTest.TestRunner  - Navigating to the required url!!
INFO    2022-04-16 22:28:49,173 [TestNG-tests-1] UserLoginTest.TestRunner  - Checking the required URL
INFO    2022-04-16 22:28:49,173 [TestNG-tests-2] UserLoginTest.TestRunner  - Checking the required URL
INFO    2022-04-16 22:28:49,179 [TestNG-tests-2] UserLoginTest.TestRunner  - Asserting the url
INFO    2022-04-16 22:28:49,180 [TestNG-tests-1] UserLoginTest.TestRunner  - Asserting the url
INFO    2022-04-16 22:30:10,696 [TestNG-tests-1] UserLoginTest.TestRunner  - Driver is initialized!!
INFO    2022-04-16 22:30:11,674 [TestNG-tests-2] UserLoginTest.TestRunner  - Driver is initialized!!
INFO    2022-04-16 22:30:12,638 [TestNG-tests-1] UserLoginTest.TestRunner  - Navigating to the required url!!
INFO    2022-04-16 22:30:13,724 [TestNG-tests-2] UserLoginTest.TestRunner  - Navigating to the required url!!
INFO    2022-04-16 22:30:14,373 [TestNG-tests-1] UserLoginTest.TestRunner  - Checking the required URL
INFO    2022-04-16 22:30:14,373 [TestNG-tests-2] UserLoginTest.TestRunner  - Checking the required URL
INFO    2022-04-16 22:30:14,389 [TestNG-tests-2] UserLoginTest.TestRunner  - Asserting the url
INFO    2022-04-16 22:30:14,394 [TestNG-tests-1] UserLoginTest.TestRunner  - Asserting the url
INFO    2022-04-16 22:36:44,182 [TestNG-tests-1] UserLoginTest.TestRunner  - Driver is initialized!!
INFO    2022-04-16 22:36:45,274 [TestNG-tests-2] UserLoginTest.TestRunner  - Driver is initialized!!
INFO    2022-04-16 22:36:45,932 [TestNG-tests-1] UserLoginTest.TestRunner  - Navigating to the required url!!
INFO    2022-04-16 22:36:46,754 [TestNG-tests-2] UserLoginTest.TestRunner  - Navigating to the required url!!
INFO    2022-04-16 22:36:47,299 [TestNG-tests-1] UserLoginTest.TestRunner  - Checking the required URL
INFO    2022-04-16 22:36:47,299 [TestNG-tests-2] UserLoginTest.TestRunner  - Checking the required URL
INFO    2022-04-16 22:36:47,306 [TestNG-tests-1] UserLoginTest.TestRunner  - Asserting the url
INFO    2022-04-16 22:36:47,307 [TestNG-tests-2] UserLoginTest.TestRunner  - Asserting the url
INFO    2022-04-16 22:44:01,152 [TestNG-tests-1] UserLoginTest.TestRunner  - Driver is initialized!!
INFO    2022-04-16 22:44:02,201 [TestNG-tests-2] UserLoginTest.TestRunner  - Driver is initialized!!
INFO    2022-04-16 22:44:03,084 [TestNG-tests-1] UserLoginTest.TestRunner  - Navigating to the required url!!
INFO    2022-04-16 22:44:03,867 [TestNG-tests-2] UserLoginTest.TestRunner  - Navigating to the required url!!
INFO    2022-04-16 22:44:04,506 [TestNG-tests-2] UserLoginTest.TestRunner  - Checking the required URL
INFO    2022-04-16 22:44:04,506 [TestNG-tests-1] UserLoginTest.TestRunner  - Checking the required URL
INFO    2022-04-16 22:44:04,516 [TestNG-tests-1] UserLoginTest.TestRunner  - Asserting the url
INFO    2022-04-16 22:44:04,519 [TestNG-tests-2] UserLoginTest.TestRunner  - Asserting the url
INFO    2022-04-16 22:45:17,225 [TestNG-tests-2] UserLoginTest.TestRunner  - Driver is initialized!!
INFO    2022-04-16 22:45:18,365 [TestNG-tests-1] UserLoginTest.TestRunner  - Driver is initialized!!
INFO    2022-04-16 22:45:19,307 [TestNG-tests-2] UserLoginTest.TestRunner  - Navigating to the required url!!
INFO    2022-04-16 22:45:19,889 [TestNG-tests-1] UserLoginTest.TestRunner  - Navigating to the required url!!
INFO    2022-04-16 22:45:20,553 [TestNG-tests-2] UserLoginTest.TestRunner  - Checking the required URL
INFO    2022-04-16 22:45:20,553 [TestNG-tests-1] UserLoginTest.TestRunner  - Checking the required URL
INFO    2022-04-16 22:45:20,562 [TestNG-tests-1] UserLoginTest.TestRunner  - Asserting the url
INFO    2022-04-16 22:45:20,566 [TestNG-tests-2] UserLoginTest.TestRunner  - Asserting the url
INFO    2022-04-16 22:55:06,987 [TestNG-tests-1] UserLoginTest.TestRunner  - Driver is initialized!!
INFO    2022-04-16 22:55:08,983 [TestNG-tests-1] UserLoginTest.TestRunner  - Navigating to the required url!!
INFO    2022-04-16 22:55:09,452 [TestNG-tests-1] UserLoginTest.TestRunner  - Checking the required URL
INFO    2022-04-16 22:55:09,459 [TestNG-tests-1] UserLoginTest.TestRunner  - Asserting the url
INFO    2022-04-16 22:56:41,388 [TestNG-tests-1] UserLoginTest.TestRunner  - Driver is initialized!!
INFO    2022-04-16 22:56:43,260 [TestNG-tests-1] UserLoginTest.TestRunner  - Navigating to the required url!!
INFO    2022-04-16 22:56:43,685 [TestNG-tests-1] UserLoginTest.TestRunner  - Checking the required URL
INFO    2022-04-16 22:56:43,693 [TestNG-tests-1] UserLoginTest.TestRunner  - Asserting the url
INFO    2022-04-16 22:57:22,729 [TestNG-tests-1] UserLoginTest.TestRunner  - Driver is initialized!!
INFO    2022-04-16 22:57:24,357 [TestNG-tests-1] UserLoginTest.TestRunner  - Navigating to the required url!!
INFO    2022-04-16 22:57:24,830 [TestNG-tests-1] UserLoginTest.TestRunner  - Checking the required URL
INFO    2022-04-16 22:57:24,838 [TestNG-tests-1] UserLoginTest.TestRunner  - Asserting the url
INFO    2022-04-16 22:59:06,459 [TestNG-tests-1] UserLoginTest.TestRunner  - Driver is initialized!!
INFO    2022-04-16 22:59:08,065 [TestNG-tests-1] UserLoginTest.TestRunner  - Navigating to the required url!!
INFO    2022-04-16 22:59:08,576 [TestNG-tests-1] UserLoginTest.TestRunner  - Checking the required URL
INFO    2022-04-16 22:59:08,586 [TestNG-tests-1] UserLoginTest.TestRunner  - Asserting the url
INFO    2022-04-16 23:00:24,773 [main] UserLoginTest.TestRunner  - Driver is initialized!!
INFO    2022-04-16 23:00:26,653 [main] UserLoginTest.TestRunner  - Navigating to the required url!!
INFO    2022-04-16 23:00:27,097 [main] UserLoginTest.TestRunner  - Checking the required URL
INFO    2022-04-16 23:00:27,104 [main] UserLoginTest.TestRunner  - Asserting the url
INFO    2022-04-16 23:01:12,207 [main] UserLoginTest.TestRunner  - Driver is initialized!!
INFO    2022-04-16 23:01:13,784 [main] UserLoginTest.TestRunner  - Navigating to the required url!!
INFO    2022-04-16 23:01:14,285 [main] UserLoginTest.TestRunner  - Checking the required URL
INFO    2022-04-16 23:01:14,295 [main] UserLoginTest.TestRunner  - Asserting the url
INFO    2022-04-16 23:04:25,601 [main] UserLoginTest.TestRunner  - Driver is initialized!!
INFO    2022-04-16 23:04:27,342 [main] UserLoginTest.TestRunner  - Navigating to the required url!!
INFO    2022-04-16 23:04:27,819 [main] UserLoginTest.TestRunner  - Checking the required URL
INFO    2022-04-16 23:04:27,827 [main] UserLoginTest.TestRunner  - Asserting the url
INFO    2022-04-16 23:09:27,585 [main] UserLoginTest.TestRunner  - Driver is initialized!!
INFO    2022-04-16 23:09:29,348 [main] UserLoginTest.TestRunner  - Navigating to the required url!!
INFO    2022-04-16 23:09:29,834 [main] UserLoginTest.TestRunner  - Checking the required URL
INFO    2022-04-16 23:09:29,842 [main] UserLoginTest.TestRunner  - Asserting the url
INFO    2022-04-16 23:14:30,755 [main] UserLoginTest.TestRunner  - Driver is initialized!!
INFO    2022-04-16 23:14:32,704 [main] UserLoginTest.TestRunner  - Navigating to the required url!!
INFO    2022-04-16 23:14:33,347 [main] UserLoginTest.TestRunner  - Checking the required URL
INFO    2022-04-16 23:14:33,357 [main] UserLoginTest.TestRunner  - Asserting the url
INFO    2022-04-17 12:33:53,700 [TestNG-tests-1] UserLoginTest.TestRunner  - Driver is initialized!!
INFO    2022-04-17 12:33:55,680 [TestNG-tests-1] UserLoginTest.TestRunner  - Navigating to the required url!!
INFO    2022-04-17 12:33:56,156 [TestNG-tests-1] UserLoginTest.TestRunner  - Checking the required URL
INFO    2022-04-17 12:33:56,162 [TestNG-tests-1] UserLoginTest.TestRunner  - Asserting the url
INFO    2022-04-17 12:38:39,366 [TestNG-tests-1] UserLoginTest.TestRunner  - Driver is initialized!!
INFO    2022-04-17 12:38:40,975 [TestNG-tests-1] UserLoginTest.TestRunner  - Navigating to the required url!!
INFO    2022-04-17 12:38:41,396 [TestNG-tests-1] UserLoginTest.TestRunner  - Checking the required URL
INFO    2022-04-17 12:38:41,404 [TestNG-tests-1] UserLoginTest.TestRunner  - Asserting the url
INFO    2022-04-17 12:46:47,197 [TestNG-tests-1] UserLoginTest.TestRunner  - Driver is initialized!!
INFO    2022-04-17 12:46:48,962 [TestNG-tests-1] UserLoginTest.TestRunner  - Navigating to the required url!!
INFO    2022-04-17 12:46:49,426 [TestNG-tests-1] UserLoginTest.TestRunner  - Checking the required URL
INFO    2022-04-17 12:46:49,436 [TestNG-tests-1] UserLoginTest.TestRunner  - Asserting the url
INFO    2022-04-17 12:47:36,336 [TestNG-tests-1] UserLoginTest.TestRunner  - Driver is initialized!!
INFO    2022-04-17 12:47:37,845 [TestNG-tests-1] UserLoginTest.TestRunner  - Navigating to the required url!!
INFO    2022-04-17 12:47:38,304 [TestNG-tests-1] UserLoginTest.TestRunner  - Checking the required URL
INFO    2022-04-17 12:47:38,315 [TestNG-tests-1] UserLoginTest.TestRunner  - Asserting the url
INFO    2022-04-17 12:48:24,871 [TestNG-tests-1] UserLoginTest.TestRunner  - Driver is initialized!!
INFO    2022-04-17 12:48:26,261 [TestNG-tests-1] UserLoginTest.TestRunner  - Navigating to the required url!!
INFO    2022-04-17 12:48:26,723 [TestNG-tests-1] UserLoginTest.TestRunner  - Checking the required URL
INFO    2022-04-17 12:48:26,731 [TestNG-tests-1] UserLoginTest.TestRunner  - Asserting the url
INFO    2022-04-17 12:48:53,802 [TestNG-tests-1] UserLoginTest.TestRunner  - Driver is initialized!!
INFO    2022-04-17 12:48:55,668 [TestNG-tests-1] UserLoginTest.TestRunner  - Navigating to the required url!!
INFO    2022-04-17 12:48:56,143 [TestNG-tests-1] UserLoginTest.TestRunner  - Checking the required URL
INFO    2022-04-17 12:48:56,151 [TestNG-tests-1] UserLoginTest.TestRunner  - Asserting the url
INFO    2022-04-17 13:14:28,197 [TestNG-tests-1] UserLoginTest.TestRunner  - Driver is initialized!!
INFO    2022-04-17 13:14:29,904 [TestNG-tests-1] UserLoginTest.TestRunner  - Navigating to the required url!!
INFO    2022-04-17 13:14:30,425 [TestNG-tests-1] UserLoginTest.TestRunner  - Checking the required URL
INFO    2022-04-17 13:14:30,434 [TestNG-tests-1] UserLoginTest.TestRunner  - Asserting the url
INFO    2022-04-17 13:14:30,622 [TestNG-tests-1] UserLoginTest.TestRunner  - Checking the title of Home Page
INFO    2022-04-17 13:14:30,659 [TestNG-tests-1] UserLoginTest.TestRunner  - Asserting the value of current tittle
INFO    2022-04-17 13:14:30,853 [TestNG-tests-1] UserLoginTest.TestRunner  - Processing the Temperature
INFO    2022-04-17 13:14:30,853 [TestNG-tests-1] UserLoginTest.TestRunner  - Going to required page based on the current temperature
INFO    2022-04-17 13:14:41,061 [TestNG-tests-1] UserLoginTest.TestRunner  - Checking the Cart Page
INFO    2022-04-17 13:14:41,072 [TestNG-tests-1] UserLoginTest.TestRunner  - Asserting the cart items page
INFO    2022-04-17 13:14:41,271 [TestNG-tests-1] UserLoginTest.TestRunner  - Validating the items in the cart
INFO    2022-04-17 13:14:41,342 [TestNG-tests-1] UserLoginTest.TestRunner  - Asserting true if the required is equal to the expected
INFO    2022-04-17 13:14:41,622 [TestNG-tests-1] UserLoginTest.TestRunner  - Verifying the success page
INFO    2022-04-17 13:14:41,622 [TestNG-tests-1] UserLoginTest.TestRunner  - Moving to the Payment Page
INFO    2022-04-17 13:14:53,486 [TestNG-tests-1] UserLoginTest.TestRunner  - Asserting the Payment success message
INFO    2022-04-17 13:16:22,928 [TestNG-tests-1] UserLoginTest.TestRunner  - Driver is initialized!!
INFO    2022-04-17 13:16:24,654 [TestNG-tests-1] UserLoginTest.TestRunner  - Navigating to the required url!!
INFO    2022-04-17 13:16:25,089 [TestNG-tests-1] UserLoginTest.TestRunner  - Checking the required URL
INFO    2022-04-17 13:16:25,098 [TestNG-tests-1] UserLoginTest.TestRunner  - Asserting the url
INFO    2022-04-17 13:16:25,279 [TestNG-tests-1] UserLoginTest.TestRunner  - Checking the title of Home Page
INFO    2022-04-17 13:16:25,321 [TestNG-tests-1] UserLoginTest.TestRunner  - Asserting the value of current tittle
INFO    2022-04-17 13:16:25,503 [TestNG-tests-1] UserLoginTest.TestRunner  - Processing the Temperature
INFO    2022-04-17 13:16:25,503 [TestNG-tests-1] UserLoginTest.TestRunner  - Going to required page based on the current temperature
INFO    2022-04-17 13:16:35,595 [TestNG-tests-1] UserLoginTest.TestRunner  - Checking the Cart Page
INFO    2022-04-17 13:16:35,607 [TestNG-tests-1] UserLoginTest.TestRunner  - Asserting the cart items page
INFO    2022-04-17 13:16:35,825 [TestNG-tests-1] UserLoginTest.TestRunner  - Validating the items in the cart
INFO    2022-04-17 13:16:35,894 [TestNG-tests-1] UserLoginTest.TestRunner  - Asserting true if the required is equal to the expected
INFO    2022-04-17 13:16:36,192 [TestNG-tests-1] UserLoginTest.TestRunner  - Verifying the success page
INFO    2022-04-17 13:16:36,192 [TestNG-tests-1] UserLoginTest.TestRunner  - Moving to the Payment Page
INFO    2022-04-17 13:16:48,139 [TestNG-tests-1] UserLoginTest.TestRunner  - Asserting the Payment success message
INFO    2022-04-17 17:34:11,938 [TestNG-tests-1] UserLoginTest.TestRunner  - Driver is initialized!!
INFO    2022-04-17 17:34:13,946 [TestNG-tests-1] UserLoginTest.TestRunner  - Navigating to the required url!!
INFO    2022-04-17 17:34:14,357 [TestNG-tests-1] UserLoginTest.TestRunner  - Checking the required URL
INFO    2022-04-17 17:34:14,372 [TestNG-tests-1] UserLoginTest.TestRunner  - Asserting the url
INFO    2022-04-17 17:34:14,561 [TestNG-tests-1] UserLoginTest.TestRunner  - Checking the title of Home Page
INFO    2022-04-17 17:34:14,597 [TestNG-tests-1] UserLoginTest.TestRunner  - Asserting the value of current tittle
INFO    2022-04-17 17:34:14,799 [TestNG-tests-1] UserLoginTest.TestRunner  - Processing the Temperature
INFO    2022-04-17 17:34:14,799 [TestNG-tests-1] UserLoginTest.TestRunner  - Going to required page based on the current temperature
INFO    2022-04-17 17:34:20,094 [TestNG-tests-1] UserLoginTest.TestRunner  - Checking the Cart Page
INFO    2022-04-17 17:34:20,104 [TestNG-tests-1] UserLoginTest.TestRunner  - Asserting the cart items page
INFO    2022-04-17 17:34:20,319 [TestNG-tests-1] UserLoginTest.TestRunner  - Validating the items in the cart
INFO    2022-04-17 17:34:20,392 [TestNG-tests-1] UserLoginTest.TestRunner  - Asserting true if the required is equal to the expected
INFO    2022-04-17 17:34:20,665 [TestNG-tests-1] UserLoginTest.TestRunner  - Verifying the success page
INFO    2022-04-17 17:34:20,666 [TestNG-tests-1] UserLoginTest.TestRunner  - Moving to the Payment Page
INFO    2022-04-17 17:34:32,760 [TestNG-tests-1] UserLoginTest.TestRunner  - Asserting the Payment success message
INFO    2022-04-17 22:18:46,159 [TestNG-tests-1] UserLoginTest.TestRunner  - Driver is initialized!!
INFO    2022-04-17 22:18:48,161 [TestNG-tests-1] UserLoginTest.TestRunner  - Navigating to the required url!!
INFO    2022-04-17 22:18:48,523 [TestNG-tests-1] UserLoginTest.TestRunner  - Checking the required URL
INFO    2022-04-17 22:18:48,531 [TestNG-tests-1] UserLoginTest.TestRunner  - Asserting the url
INFO    2022-04-17 22:18:48,676 [TestNG-tests-1] UserLoginTest.TestRunner  - Checking the title of Home Page
INFO    2022-04-17 22:18:48,692 [TestNG-tests-1] UserLoginTest.TestRunner  - Asserting the value of current tittle
INFO    2022-04-17 22:18:48,869 [TestNG-tests-1] UserLoginTest.TestRunner  - Processing the Temperature
INFO    2022-04-17 22:18:48,869 [TestNG-tests-1] UserLoginTest.TestRunner  - Going to required page based on the current temperature
INFO    2022-04-17 22:19:04,326 [TestNG-tests-1] UserLoginTest.TestRunner  - Checking the Cart Page
INFO    2022-04-17 22:19:04,331 [TestNG-tests-1] UserLoginTest.TestRunner  - Asserting the cart items page
INFO    2022-04-17 22:19:04,492 [TestNG-tests-1] UserLoginTest.TestRunner  - Validating the items in the cart
INFO    2022-04-17 22:19:04,534 [TestNG-tests-1] UserLoginTest.TestRunner  - Asserting true if the required is equal to the expected
INFO    2022-04-17 22:19:04,706 [TestNG-tests-1] UserLoginTest.TestRunner  - Verifying the success page
INFO    2022-04-17 22:19:04,706 [TestNG-tests-1] UserLoginTest.TestRunner  - Moving to the Payment Page
INFO    2022-04-17 22:19:16,129 [TestNG-tests-1] UserLoginTest.TestRunner  - Asserting the Payment success message
INFO    2022-04-17 22:20:56,022 [TestNG-tests-1] UserLoginTest.TestRunner  - Driver is initialized!!
INFO    2022-04-17 22:20:58,275 [TestNG-tests-1] UserLoginTest.TestRunner  - Navigating to the required url!!
INFO    2022-04-17 22:20:58,663 [TestNG-tests-1] UserLoginTest.TestRunner  - Checking the required URL
INFO    2022-04-17 22:20:58,664 [TestNG-tests-1] UserLoginTest.TestRunner  - Asserting the url
INFO    2022-04-17 22:20:58,793 [TestNG-tests-1] UserLoginTest.TestRunner  - Checking the title of Home Page
INFO    2022-04-17 22:20:58,817 [TestNG-tests-1] UserLoginTest.TestRunner  - Asserting the value of current tittle
INFO    2022-04-17 22:20:58,977 [TestNG-tests-1] UserLoginTest.TestRunner  - Processing the Temperature
INFO    2022-04-17 22:20:58,977 [TestNG-tests-1] UserLoginTest.TestRunner  - Going to required page based on the current temperature
INFO    2022-04-17 22:21:12,423 [TestNG-tests-1] UserLoginTest.TestRunner  - Checking the Cart Page
INFO    2022-04-17 22:21:12,428 [TestNG-tests-1] UserLoginTest.TestRunner  - Asserting the cart items page
INFO    2022-04-17 22:21:12,588 [TestNG-tests-1] UserLoginTest.TestRunner  - Validating the items in the cart
INFO    2022-04-17 22:21:12,649 [TestNG-tests-1] UserLoginTest.TestRunner  - Asserting true if the required is equal to the expected
INFO    2022-04-17 22:21:12,831 [TestNG-tests-1] UserLoginTest.TestRunner  - Verifying the success page
INFO    2022-04-17 22:21:12,831 [TestNG-tests-1] UserLoginTest.TestRunner  - Moving to the Payment Page
INFO    2022-04-17 22:21:24,188 [TestNG-tests-1] UserLoginTest.TestRunner  - Asserting the Payment success message
INFO    2022-04-18 15:25:30,344 [TestNG-tests-1] UserLoginTest.TestRunner  - Driver is initialized!!
INFO    2022-04-18 15:25:32,000 [TestNG-tests-1] UserLoginTest.TestRunner  - Navigating to the required url!!
INFO    2022-04-18 15:25:32,549 [TestNG-tests-1] UserLoginTest.TestRunner  - Checking the required URL
INFO    2022-04-18 15:25:32,557 [TestNG-tests-1] UserLoginTest.TestRunner  - Asserting the url
INFO    2022-04-18 15:25:32,752 [TestNG-tests-1] UserLoginTest.TestRunner  - Checking the title of Home Page
INFO    2022-04-18 15:25:32,797 [TestNG-tests-1] UserLoginTest.TestRunner  - Asserting the value of current tittle
INFO    2022-04-18 15:25:32,996 [TestNG-tests-1] UserLoginTest.TestRunner  - Processing the Temperature
INFO    2022-04-18 15:25:32,996 [TestNG-tests-1] UserLoginTest.TestRunner  - Going to required page based on the current temperature
INFO    2022-04-18 15:25:45,332 [TestNG-tests-1] UserLoginTest.TestRunner  - Checking the Cart Page
INFO    2022-04-18 15:25:45,343 [TestNG-tests-1] UserLoginTest.TestRunner  - Asserting the cart items page
INFO    2022-04-18 15:25:45,522 [TestNG-tests-1] UserLoginTest.TestRunner  - Validating the items in the cart
INFO    2022-04-18 15:25:45,585 [TestNG-tests-1] UserLoginTest.TestRunner  - Asserting true if the required is equal to the expected
INFO    2022-04-18 15:25:45,821 [TestNG-tests-1] UserLoginTest.TestRunner  - Verifying the success page
INFO    2022-04-18 15:25:45,821 [TestNG-tests-1] UserLoginTest.TestRunner  - Moving to the Payment Page
INFO    2022-04-18 15:25:57,900 [TestNG-tests-1] UserLoginTest.TestRunner  - Asserting the Payment success message
INFO    2022-04-20 12:51:28,770 [TestNG-tests-1] UserLoginTest.TestRunner  - Driver is initialized!!
INFO    2022-04-20 12:51:30,755 [TestNG-tests-1] UserLoginTest.TestRunner  - Navigating to the required url!!
INFO    2022-04-20 12:51:31,204 [TestNG-tests-1] UserLoginTest.TestRunner  - Checking the required URL
INFO    2022-04-20 12:51:31,212 [TestNG-tests-1] UserLoginTest.TestRunner  - Asserting the url
INFO    2022-04-20 12:51:31,425 [TestNG-tests-1] UserLoginTest.TestRunner  - Checking the title of Home Page
INFO    2022-04-20 12:51:31,453 [TestNG-tests-1] UserLoginTest.TestRunner  - Asserting the value of current tittle
INFO    2022-04-20 12:51:31,654 [TestNG-tests-1] UserLoginTest.TestRunner  - Processing the Temperature
INFO    2022-04-20 12:51:31,655 [TestNG-tests-1] UserLoginTest.TestRunner  - Going to required page based on the current temperature
INFO    2022-04-20 12:51:41,122 [TestNG-tests-1] UserLoginTest.TestRunner  - Checking the Cart Page
INFO    2022-04-20 12:51:41,130 [TestNG-tests-1] UserLoginTest.TestRunner  - Asserting the cart items page
INFO    2022-04-20 12:51:41,284 [TestNG-tests-1] UserLoginTest.TestRunner  - Validating the items in the cart
INFO    2022-04-20 12:51:41,325 [TestNG-tests-1] UserLoginTest.TestRunner  - Asserting true if the required is equal to the expected
INFO    2022-04-20 12:51:41,499 [TestNG-tests-1] UserLoginTest.TestRunner  - Verifying the success page
INFO    2022-04-20 12:51:41,500 [TestNG-tests-1] UserLoginTest.TestRunner  - Moving to the Payment Page
INFO    2022-04-20 12:51:53,066 [TestNG-tests-1] UserLoginTest.TestRunner  - Asserting the Payment success message
INFO    2022-04-20 17:04:29,562 [main] UserLoginTest.TestRunner  - Driver is initialized!!
INFO    2022-04-20 17:04:34,369 [main] UserLoginTest.TestRunner  - Navigating to the required url!!
INFO    2022-04-20 17:04:34,552 [main] UserLoginTest.TestRunner  - Login into the application
INFO    2022-04-20 17:06:59,806 [main] UserLoginTest.TestRunner  - Driver is initialized!!
INFO    2022-04-20 17:07:04,689 [main] UserLoginTest.TestRunner  - Navigating to the required url!!
INFO    2022-04-20 17:07:04,886 [main] UserLoginTest.TestRunner  - Login into the application
INFO    2022-04-20 17:08:22,681 [main] UserLoginTest.TestRunner  - Driver is initialized!!
INFO    2022-04-20 17:08:27,241 [main] UserLoginTest.TestRunner  - Navigating to the required url!!
INFO    2022-04-20 17:08:27,430 [main] UserLoginTest.TestRunner  - Login into the application
INFO    2022-04-21 11:05:24,724 [main] UserLoginTest.TestRunner  - Driver is initialized!!
INFO    2022-04-21 11:05:32,975 [main] UserLoginTest.TestRunner  - Navigating to the required url!!
INFO    2022-04-21 11:05:33,118 [main] UserLoginTest.TestRunner  - Login into the application
INFO    2022-04-21 11:52:19,893 [main] UserLoginTest.TestRunner  - Driver is initialized!!
INFO    2022-04-21 11:52:27,773 [main] UserLoginTest.TestRunner  - Navigating to the required url!!
INFO    2022-04-21 11:52:27,906 [main] UserLoginTest.TestRunner  - Login into the application
INFO    2022-04-21 12:06:57,452 [main] UserLoginTest.TestRunner  - Driver is initialized!!
INFO    2022-04-21 12:10:55,467 [main] UserLoginTest.TestRunner  - Driver is initialized!!
INFO    2022-04-21 12:11:03,458 [main] UserLoginTest.TestRunner  - Navigating to the required url!!
INFO    2022-04-21 12:11:03,606 [main] UserLoginTest.TestRunner  - Login into the application
INFO    2022-04-21 12:19:23,139 [main] UserLoginTest.TestRunner  - Driver is initialized!!
INFO    2022-04-21 12:19:31,116 [main] UserLoginTest.TestRunner  - Navigating to the required url!!
INFO    2022-04-21 12:19:31,252 [main] UserLoginTest.TestRunner  - Clicking on the View Profile Page Button
INFO    2022-04-21 12:19:54,630 [main] UserLoginTest.TestRunner  - Driver is initialized!!
INFO    2022-04-21 12:20:03,445 [main] UserLoginTest.TestRunner  - Navigating to the required url!!
INFO    2022-04-21 12:20:03,572 [main] UserLoginTest.TestRunner  - Clicking on the View Profile Page Button
INFO    2022-04-21 12:22:53,834 [main] UserLoginTest.TestRunner  - Driver is initialized!!
INFO    2022-04-21 12:23:00,918 [main] UserLoginTest.TestRunner  - Navigating to the required url!!
INFO    2022-04-21 12:23:01,052 [main] UserLoginTest.TestRunner  - Login into the application
INFO    2022-04-21 12:23:01,641 [main] UserLoginTest.TestRunner  - Clicking on the View Profile Page Button
INFO    2022-04-21 12:32:12,845 [main] UserLoginTest.TestRunner  - Driver is initialized!!
INFO    2022-04-21 12:32:20,998 [main] UserLoginTest.TestRunner  - Navigating to the required url!!
INFO    2022-04-21 12:32:21,118 [main] UserLoginTest.TestRunner  - Login into the application
INFO    2022-04-21 12:32:21,699 [main] UserLoginTest.TestRunner  - Clicking on the View Profile Page Button
INFO    2022-04-21 12:34:07,073 [main] UserLoginTest.TestRunner  - Driver is initialized!!
INFO    2022-04-21 12:34:15,374 [main] UserLoginTest.TestRunner  - Navigating to the required url!!
INFO    2022-04-21 12:34:15,512 [main] UserLoginTest.TestRunner  - Clicking on the View Profile Page Button
INFO    2022-04-21 12:35:24,797 [main] UserLoginTest.TestRunner  - Driver is initialized!!
INFO    2022-04-21 12:35:29,563 [main] UserLoginTest.TestRunner  - Navigating to the required url!!
INFO    2022-04-21 12:35:29,680 [main] UserLoginTest.TestRunner  - Login into the application
INFO    2022-04-21 12:35:30,284 [main] UserLoginTest.TestRunner  - Clicking on the View Profile Page Button
INFO    2022-04-21 12:52:21,560 [main] UserLoginTest.TestRunner  - Driver is initialized!!
INFO    2022-04-21 12:52:28,892 [main] UserLoginTest.TestRunner  - Navigating to the required url!!
INFO    2022-04-21 12:52:29,028 [main] UserLoginTest.TestRunner  - Login into the application
INFO    2022-04-21 12:52:29,632 [main] UserLoginTest.TestRunner  - Clicking on the View Profile Page Button
INFO    2022-04-21 13:05:15,385 [main] UserLoginTest.TestRunner  - Driver is initialized!!
INFO    2022-04-21 13:05:23,684 [main] UserLoginTest.TestRunner  - Navigating to the required url!!
INFO    2022-04-21 13:05:23,830 [main] UserLoginTest.TestRunner  - Login into the application
INFO    2022-04-21 13:05:24,433 [main] UserLoginTest.TestRunner  - Clicking on the View Profile Page Button
INFO    2022-04-21 13:44:11,408 [main] UserLoginTest.TestRunner  - Driver is initialized!!
INFO    2022-04-21 13:44:19,721 [main] UserLoginTest.TestRunner  - Navigating to the required url!!
INFO    2022-04-21 13:44:19,859 [main] UserLoginTest.TestRunner  - Login into the application
INFO    2022-04-21 13:44:20,655 [main] UserLoginTest.TestRunner  - Clicking on the View Profile Page Button
INFO    2022-04-21 14:26:54,351 [main] UserLoginTest.TestRunner  - Driver is initialized!!
INFO    2022-04-21 14:27:01,691 [main] UserLoginTest.TestRunner  - Navigating to the required url!!
INFO    2022-04-21 14:27:01,840 [main] UserLoginTest.TestRunner  - Login into the application
INFO    2022-04-21 14:27:02,819 [main] UserLoginTest.TestRunner  - Clicking on the View Profile Page Button
INFO    2022-04-21 14:27:48,989 [main] UserLoginTest.TestRunner  - Driver is initialized!!
INFO    2022-04-21 14:27:56,284 [main] UserLoginTest.TestRunner  - Navigating to the required url!!
INFO    2022-04-21 14:27:56,429 [main] UserLoginTest.TestRunner  - Login into the application
INFO    2022-04-21 14:27:57,261 [main] UserLoginTest.TestRunner  - Clicking on the View Profile Page Button
INFO    2022-04-21 14:29:23,692 [main] UserLoginTest.TestRunner  - Driver is initialized!!
INFO    2022-04-21 14:29:31,888 [main] UserLoginTest.TestRunner  - Navigating to the required url!!
INFO    2022-04-21 14:29:32,047 [main] UserLoginTest.TestRunner  - Login into the application
INFO    2022-04-21 14:29:32,845 [main] UserLoginTest.TestRunner  - Clicking on the View Profile Page Button
INFO    2022-04-21 14:41:01,204 [main] UserLoginTest.TestRunner  - Driver is initialized!!
INFO    2022-04-21 14:41:09,380 [main] UserLoginTest.TestRunner  - Navigating to the required url!!
INFO    2022-04-21 14:41:09,535 [main] UserLoginTest.TestRunner  - Login into the application
INFO    2022-04-21 14:41:10,282 [main] UserLoginTest.TestRunner  - Clicking on the View Profile Page Button
INFO    2022-04-21 14:43:24,517 [main] UserLoginTest.TestRunner  - Driver is initialized!!
INFO    2022-04-21 14:43:31,930 [main] UserLoginTest.TestRunner  - Navigating to the required url!!
INFO    2022-04-21 14:43:32,086 [main] UserLoginTest.TestRunner  - Login into the application
INFO    2022-04-21 14:43:32,881 [main] UserLoginTest.TestRunner  - Clicking on the View Profile Page Button
INFO    2022-04-21 14:50:13,309 [main] UserLoginTest.TestRunner  - Driver is initialized!!
INFO    2022-04-21 14:50:22,185 [main] UserLoginTest.TestRunner  - Navigating to the required url!!
INFO    2022-04-21 14:50:22,349 [main] UserLoginTest.TestRunner  - Login into the application
INFO    2022-04-21 14:50:23,108 [main] UserLoginTest.TestRunner  - Clicking on the View Profile Page Button
INFO    2022-04-21 14:52:02,597 [main] UserLoginTest.TestRunner  - Driver is initialized!!
INFO    2022-04-21 14:52:09,889 [main] UserLoginTest.TestRunner  - Navigating to the required url!!
INFO    2022-04-21 14:52:10,050 [main] UserLoginTest.TestRunner  - Login into the application
INFO    2022-04-21 14:52:10,841 [main] UserLoginTest.TestRunner  - Clicking on the View Profile Page Button
INFO    2022-04-21 14:53:23,782 [main] UserLoginTest.TestRunner  - Driver is initialized!!
INFO    2022-04-21 14:53:31,179 [main] UserLoginTest.TestRunner  - Navigating to the required url!!
INFO    2022-04-21 14:53:31,335 [main] UserLoginTest.TestRunner  - Login into the application
INFO    2022-04-21 14:53:32,165 [main] UserLoginTest.TestRunner  - Clicking on the View Profile Page Button
INFO    2022-04-21 14:56:34,882 [main] UserLoginTest.TestRunner  - Driver is initialized!!
INFO    2022-04-21 14:56:42,201 [main] UserLoginTest.TestRunner  - Navigating to the required url!!
INFO    2022-04-21 14:56:42,368 [main] UserLoginTest.TestRunner  - Login into the application
INFO    2022-04-21 14:56:43,186 [main] UserLoginTest.TestRunner  - Clicking on the View Profile Page Button
INFO    2022-04-21 14:58:41,168 [main] UserLoginTest.TestRunner  - Driver is initialized!!
INFO    2022-04-21 14:58:49,015 [main] UserLoginTest.TestRunner  - Navigating to the required url!!
INFO    2022-04-21 14:58:49,188 [main] UserLoginTest.TestRunner  - Login into the application
INFO    2022-04-21 14:58:49,987 [main] UserLoginTest.TestRunner  - Clicking on the View Profile Page Button
INFO    2022-04-21 15:13:39,570 [main] UserLoginTest.TestRunner  - Driver is initialized!!
INFO    2022-04-21 15:13:47,864 [main] UserLoginTest.TestRunner  - Navigating to the required url!!
INFO    2022-04-21 15:13:48,044 [main] UserLoginTest.TestRunner  - Login into the application
INFO    2022-04-21 15:13:48,876 [main] UserLoginTest.TestRunner  - Clicking on the View Profile Page Button
INFO    2022-04-21 15:16:17,797 [main] UserLoginTest.TestRunner  - Driver is initialized!!
INFO    2022-04-21 15:16:22,916 [main] UserLoginTest.TestRunner  - Navigating to the required url!!
INFO    2022-04-21 15:16:23,072 [main] UserLoginTest.TestRunner  - Login into the application
INFO    2022-04-21 15:16:23,844 [main] UserLoginTest.TestRunner  - Clicking on the View Profile Page Button
INFO    2022-04-21 15:17:07,850 [main] UserLoginTest.TestRunner  - Driver is initialized!!
INFO    2022-04-21 15:17:16,064 [main] UserLoginTest.TestRunner  - Navigating to the required url!!
INFO    2022-04-21 15:17:16,211 [main] UserLoginTest.TestRunner  - Login into the application
INFO    2022-04-21 15:17:16,984 [main] UserLoginTest.TestRunner  - Clicking on the View Profile Page Button
INFO    2022-04-21 15:20:46,079 [main] UserLoginTest.TestRunner  - Driver is initialized!!
INFO    2022-04-21 15:20:54,109 [main] UserLoginTest.TestRunner  - Navigating to the required url!!
INFO    2022-04-21 15:20:54,260 [main] UserLoginTest.TestRunner  - Login into the application
INFO    2022-04-21 15:20:55,051 [main] UserLoginTest.TestRunner  - Clicking on the View Profile Page Button
INFO    2022-04-21 15:24:03,155 [main] UserLoginTest.TestRunner  - Driver is initialized!!
INFO    2022-04-21 15:24:08,216 [main] UserLoginTest.TestRunner  - Navigating to the required url!!
INFO    2022-04-21 15:24:08,371 [main] UserLoginTest.TestRunner  - Login into the application
INFO    2022-04-21 15:24:09,119 [main] UserLoginTest.TestRunner  - Clicking on the View Profile Page Button
INFO    2022-04-21 15:26:17,105 [main] UserLoginTest.TestRunner  - Driver is initialized!!
INFO    2022-04-21 15:26:25,500 [main] UserLoginTest.TestRunner  - Navigating to the required url!!
INFO    2022-04-21 15:26:25,650 [main] UserLoginTest.TestRunner  - Login into the application
INFO    2022-04-21 15:26:26,473 [main] UserLoginTest.TestRunner  - Clicking on the View Profile Page Button
INFO    2022-04-21 15:31:38,800 [main] UserLoginTest.TestRunner  - Driver is initialized!!
INFO    2022-04-21 15:31:46,950 [main] UserLoginTest.TestRunner  - Navigating to the required url!!
INFO    2022-04-21 15:31:47,109 [main] UserLoginTest.TestRunner  - Login into the application
INFO    2022-04-21 15:31:47,855 [main] UserLoginTest.TestRunner  - Clicking on the View Profile Page Button
INFO    2022-04-21 16:05:42,801 [main] UserLoginTest.TestRunner  - Driver is initialized!!
INFO    2022-04-21 16:05:50,342 [main] UserLoginTest.TestRunner  - Navigating to the required url!!
INFO    2022-04-21 16:05:50,507 [main] UserLoginTest.TestRunner  - Login into the application
INFO    2022-04-21 16:05:51,387 [main] UserLoginTest.TestRunner  - Clicking on the View Profile Page Button
INFO    2022-04-21 16:40:01,306 [main] UserLoginTest.TestRunner  - Driver is initialized!!
INFO    2022-04-21 16:40:10,948 [main] UserLoginTest.TestRunner  - Navigating to the required url!!
INFO    2022-04-21 16:40:11,095 [main] UserLoginTest.TestRunner  - Login into the application
INFO    2022-04-21 16:40:11,942 [main] UserLoginTest.TestRunner  - Clicking on the View Profile Page Button
INFO    2022-04-21 16:49:48,458 [main] UserLoginTest.TestRunner  - Driver is initialized!!
INFO    2022-04-21 16:49:56,226 [main] UserLoginTest.TestRunner  - Navigating to the required url!!
INFO    2022-04-21 16:49:56,370 [main] UserLoginTest.TestRunner  - Login into the application
INFO    2022-04-21 16:49:57,245 [main] UserLoginTest.TestRunner  - Clicking on the View Profile Page Button
INFO    2022-04-21 16:50:33,909 [main] UserLoginTest.TestRunner  - Driver is initialized!!
INFO    2022-04-21 16:50:41,575 [main] UserLoginTest.TestRunner  - Navigating to the required url!!
INFO    2022-04-21 16:50:41,734 [main] UserLoginTest.TestRunner  - Login into the application
INFO    2022-04-21 16:50:42,559 [main] UserLoginTest.TestRunner  - Clicking on the View Profile Page Button
INFO    2022-04-21 16:53:37,124 [main] UserLoginTest.TestRunner  - Driver is initialized!!
INFO    2022-04-21 16:53:45,696 [main] UserLoginTest.TestRunner  - Navigating to the required url!!
INFO    2022-04-21 16:53:45,854 [main] UserLoginTest.TestRunner  - Login into the application
INFO    2022-04-21 16:53:46,687 [main] UserLoginTest.TestRunner  - Clicking on the View Profile Page Button
